<?xml version="1.0" encoding="UTF-8"?>
<!-- Generated by org.testng.reporters.JUnitReportReporter -->
<testsuite hostname="DESKTOP-1K3EINL" failures="0" tests="1" name="com.applaudGS.automation.modules.general.launchbrowser" time="28.899" errors="0" timestamp="4 Oct 2022 03:00:08 GMT">
  <testcase classname="com.applaudGS.automation.modules.general.launchbrowser" name="sampleyuva" time="28.899"/>
</testsuite> <!-- com.applaudGS.automation.modules.general.launchbrowser -->
