<?xml version="1.0" encoding="UTF-8"?>
<!-- Generated by org.testng.reporters.JUnitReportReporter -->
<testsuite hostname="DESKTOP-I738NQ5" failures="0" tests="2" name="com.applaud.automation.utility.DataProviderr" time="18.948" errors="0" timestamp="24 Nov 2017 03:51:50 GMT">
  <testcase classname="com.applaud.automation.utility.DataProviderr" name="sampleBuddy" time="4.080"/>
  <testcase classname="com.applaud.automation.utility.DataProviderr" name="sample" time="14.868"/>
</testsuite> <!-- com.applaud.automation.utility.DataProviderr -->
