<?xml version="1.0" encoding="UTF-8"?>
<!-- Generated by org.testng.reporters.JUnitReportReporter -->
<testsuite hostname="DESKTOP-I738NQ5" failures="0" tests="2" name="com.applaud.automation.datamanager.TestParameters" time="0.013" errors="0" timestamp="22 Nov 2017 02:42:10 GMT">
  <testcase classname="com.applaud.automation.datamanager.TestParameters" name="testCaseOne" time="0.011"/>
  <testcase classname="com.applaud.automation.datamanager.TestParameters" name="testCaseTwo" time="0.002"/>
</testsuite> <!-- com.applaud.automation.datamanager.TestParameters -->
