<?xml version="1.0" encoding="UTF-8"?>
<!-- Generated by org.testng.reporters.JUnitReportReporter -->
<testsuite hostname="DESKTOP-I738NQ5" failures="0" tests="1" name="com.applaudGS.automation.modules.general.SoftAssertion" time="0.018" errors="0" timestamp="9 Jan 2018 03:00:07 GMT">
  <testcase classname="com.applaudGS.automation.modules.general.SoftAssertion" name="test_UsingSoftAssertion" time="0.018"/>
</testsuite> <!-- com.applaudGS.automation.modules.general.SoftAssertion -->
