<?xml version="1.0" encoding="UTF-8"?>
<!-- Generated by org.testng.reporters.JUnitReportReporter -->
<testsuite hostname="DESKTOP-1K3EINL" failures="0" tests="4" name="com.applaudGS.automation.modules.general.ExtendsLog" time="1.645" errors="0" timestamp="1 Oct 2021 05:18:41 GMT">
  <testcase classname="com.applaudGS.automation.modules.general.ExtendsLog" name="TC3" time="0.111"/>
  <testcase classname="com.applaudGS.automation.modules.general.ExtendsLog" name="TC4" time="0.752"/>
  <testcase classname="com.applaudGS.automation.modules.general.ExtendsLog" name="TC2" time="0.366"/>
  <testcase classname="com.applaudGS.automation.modules.general.ExtendsLog" name="TC1" time="0.416"/>
</testsuite> <!-- com.applaudGS.automation.modules.general.ExtendsLog -->
