<?xml version="1.0" encoding="UTF-8"?>
<!-- Generated by org.testng.reporters.JUnitReportReporter -->
<testsuite hostname="Yuvaraju" name="com.Applaud.rquest.utility.Randam" tests="1" failures="0" timestamp="11 Apr 2017 11:17:59 GMT" time="0.008" errors="0">
  <testcase name="randam" time="0.008" classname="com.Applaud.rquest.utility.Randam"/>
</testsuite> <!-- com.Applaud.rquest.utility.Randam -->
