<?xml version="1.0" encoding="UTF-8"?>
<!-- Generated by org.testng.reporters.JUnitReportReporter -->
<testsuite hostname="DESKTOP-6C0L59N" failures="0" tests="3" name="com.applaudGS.automation.modules.general.TestParameters" time="0.029" errors="0" timestamp="2 Dec 2022 03:36:16 GMT">
  <testcase classname="com.applaudGS.automation.modules.general.TestParameters" name="testCaseOne" time="0.024"/>
  <testcase classname="com.applaudGS.automation.modules.general.TestParameters" name="testCaseThree" time="0.002"/>
  <testcase classname="com.applaudGS.automation.modules.general.TestParameters" name="testCaseTwo" time="0.003"/>
</testsuite> <!-- com.applaudGS.automation.modules.general.TestParameters -->
