<?xml version="1.0" encoding="UTF-8"?>
<!-- Generated by org.testng.reporters.JUnitReportReporter -->
<testsuite hostname="Yuvaraju" name="com.Applaud.rquest.modules.ContextID" tests="1" failures="0" timestamp="31 Mar 2017 05:31:43 GMT" time="66.864" errors="0">
  <testcase name="contextIDCreation" time="66.864" classname="com.Applaud.rquest.modules.ContextID"/>
</testsuite> <!-- com.Applaud.rquest.modules.ContextID -->
