<?xml version="1.0" encoding="UTF-8"?>
<!-- Generated by org.testng.reporters.JUnitReportReporter -->
<testsuite hostname="DESKTOP-I738NQ5" failures="0" tests="2" name="com.applaud.automation.modules.FlowOfAna" time="0.009" errors="0" timestamp="21 Nov 2017 03:13:14 GMT">
  <testcase classname="com.applaud.automation.modules.FlowOfAna" name="testCase1" time="0.007"/>
  <testcase classname="com.applaud.automation.modules.FlowOfAna" name="testCase2" time="0.002"/>
</testsuite> <!-- com.applaud.automation.modules.FlowOfAna -->
