<?xml version="1.0" encoding="UTF-8"?>
<!-- Generated by org.testng.reporters.JUnitReportReporter -->
<testsuite hostname="DESKTOP-I738NQ5" failures="0" tests="4" name="com.applaudGS.automation.modules.general.TestGroups" time="0.021" errors="0" timestamp="9 Jan 2018 03:15:21 GMT">
  <testcase classname="com.applaudGS.automation.modules.general.TestGroups" name="testCaseFour" time="0.015"/>
  <testcase classname="com.applaudGS.automation.modules.general.TestGroups" name="testCaseOne" time="0.002"/>
  <testcase classname="com.applaudGS.automation.modules.general.TestGroups" name="testCaseThree" time="0.002"/>
  <testcase classname="com.applaudGS.automation.modules.general.TestGroups" name="testCaseTwo" time="0.002"/>
</testsuite> <!-- com.applaudGS.automation.modules.general.TestGroups -->
