<?xml version="1.0" encoding="UTF-8"?>
<!-- Generated by org.testng.reporters.JUnitReportReporter -->
<testsuite hostname="Yuvaraju" name="com.Applaud.rquest.modules.AppLoginFunctionality" tests="1" failures="0" timestamp="13 Feb 2017 12:00:53 GMT" time="9.685" errors="0">
  <testcase name="loginFunctionality" time="9.685" classname="com.Applaud.rquest.modules.AppLoginFunctionality"/>
</testsuite> <!-- com.Applaud.rquest.modules.AppLoginFunctionality -->
