<?xml version="1.0" encoding="UTF-8"?>
<!-- Generated by org.testng.reporters.JUnitReportReporter -->
<testsuite hostname="Yuvaraju" name="com.Applaud.rquest.modules.ReportsRND" tests="3" failures="0" timestamp="23 Mar 2017 06:10:23 GMT" time="0.047" errors="0">
  <testcase name="sample2" time="0.047" classname="com.Applaud.rquest.modules.ReportsRND"/>
  <testcase name="sample1" time="0.000" classname="com.Applaud.rquest.modules.ReportsRND"/>
  <testcase name="sample3" time="0.000" classname="com.Applaud.rquest.modules.ReportsRND"/>
</testsuite> <!-- com.Applaud.rquest.modules.ReportsRND -->
