<?xml version="1.0" encoding="UTF-8"?>
<!-- Generated by org.testng.reporters.JUnitReportReporter -->
<testsuite hostname="DESKTOP-6C0L59N" failures="0" tests="3" name="com.applaudGS.automation.modules.general.SampleProgramThroughFrameWork" time="11.406" errors="0" timestamp="10 Dec 2022 16:49:25 GMT">
  <testcase classname="com.applaudGS.automation.modules.general.SampleProgramThroughFrameWork" name="TC1" time="11.340"/>
  <testcase classname="com.applaudGS.automation.modules.general.SampleProgramThroughFrameWork" name="TC3" time="0.049"/>
  <testcase classname="com.applaudGS.automation.modules.general.SampleProgramThroughFrameWork" name="TC2" time="0.017"/>
</testsuite> <!-- com.applaudGS.automation.modules.general.SampleProgramThroughFrameWork -->
