<?xml version="1.0" encoding="UTF-8"?>
<!-- Generated by org.testng.reporters.JUnitReportReporter -->
<testsuite hostname="Yuvaraju" name="com.Applaud.rquest.modules.integrationmanager.IntegrationManager" tests="1" failures="0" timestamp="30 Mar 2017 14:47:30 GMT" time="62.497" errors="0">
  <testcase name="integrationManager" time="62.497" classname="com.Applaud.rquest.modules.integrationmanager.IntegrationManager"/>
</testsuite> <!-- com.Applaud.rquest.modules.integrationmanager.IntegrationManager -->
