<?xml version="1.0" encoding="UTF-8"?>
<!-- Generated by org.testng.reporters.JUnitReportReporter -->
<testsuite hostname="Yuvaraju" name="com.Applaud.rquest.modules.FlowOfAna" tests="2" failures="0" timestamp="11 May 2017 10:23:18 GMT" time="0.008" errors="0">
  <testcase name="testCase2" time="0.002" classname="com.Applaud.rquest.modules.FlowOfAna"/>
  <testcase name="testCase1" time="0.006" classname="com.Applaud.rquest.modules.FlowOfAna"/>
</testsuite> <!-- com.Applaud.rquest.modules.FlowOfAna -->
