<?xml version="1.0" encoding="UTF-8"?>
<!-- Generated by org.testng.reporters.JUnitReportReporter -->
<testsuite hostname="Yuvaraju" name="com.Applaud.rquest.modules.VideoCapture" tests="1" failures="0" timestamp="11 May 2017 10:35:24 GMT" time="0.610" errors="0">
  <testcase name="startVideoCapture" time="0.610" classname="com.Applaud.rquest.modules.VideoCapture"/>
</testsuite> <!-- com.Applaud.rquest.modules.VideoCapture -->
