<?xml version="1.0" encoding="UTF-8"?>
<!-- Generated by org.testng.reporters.JUnitReportReporter -->
<testsuite hostname="DESKTOP-I738NQ5" failures="0" tests="2" name="com.applaud.automation.datamanager.DependenciesOnGroups" time="0.015" errors="0" timestamp="21 Nov 2017 03:22:50 GMT">
  <testcase classname="com.applaud.automation.datamanager.DependenciesOnGroups" name="formRegistrationForClient" time="0.003"/>
  <testcase classname="com.applaud.automation.datamanager.DependenciesOnGroups" name="loginWithClientIDd" time="0.012"/>
</testsuite> <!-- com.applaud.automation.datamanager.DependenciesOnGroups -->
