<?xml version="1.0" encoding="UTF-8"?>
<!-- Generated by org.testng.reporters.JUnitReportReporter -->
<testsuite hostname="Priyanka" name="com.Applaud.rquest.modules.datamanager.BasicPrograms" tests="1" failures="0" timestamp="15 Sep 2017 10:39:19 GMT" time="2.539" errors="0">
  <testcase name="evenornot" time="2.539" classname="com.Applaud.rquest.modules.datamanager.BasicPrograms"/>
</testsuite> <!-- com.Applaud.rquest.modules.datamanager.BasicPrograms -->
