<?xml version="1.0" encoding="UTF-8"?>
<!-- Generated by org.testng.reporters.JUnitReportReporter -->
<testsuite hostname="Yuvaraju" name="com.Applaud.rquest.modules.datamanager.DataManager1" tests="1" failures="0" timestamp="30 Mar 2017 14:38:03 GMT" time="88.896" errors="0">
  <testcase name="TC1" time="88.896" classname="com.Applaud.rquest.modules.datamanager.DataManager1"/>
</testsuite> <!-- com.Applaud.rquest.modules.datamanager.DataManager1 -->
