<?xml version="1.0" encoding="UTF-8"?>
<!-- Generated by org.testng.reporters.JUnitReportReporter -->
<testsuite hostname="DESKTOP-I738NQ5" failures="0" tests="2" name="com.applaud.automation.datamanager.TestParallelOne" time="0.032" errors="0" timestamp="26 Nov 2017 04:35:13 GMT">
  <testcase classname="com.applaud.automation.datamanager.TestParallelOne" name="testCaseTwo" time="0.016"/>
  <testcase classname="com.applaud.automation.datamanager.TestParallelOne" name="testCaseOne" time="0.016"/>
</testsuite> <!-- com.applaud.automation.datamanager.TestParallelOne -->
