<?xml version="1.0" encoding="UTF-8"?>
<!-- Generated by org.testng.reporters.JUnitReportReporter -->
<testsuite hostname="DESKTOP-I738NQ5" failures="0" tests="1" name="com.applaudGS.automation.modules.general.ReadDataThroughPropertiesFile" time="0.012" errors="0" timestamp="9 Feb 2018 05:21:59 GMT">
  <testcase classname="com.applaudGS.automation.modules.general.ReadDataThroughPropertiesFile" name="sample2" time="0.012"/>
</testsuite> <!-- com.applaudGS.automation.modules.general.ReadDataThroughPropertiesFile -->
