<?xml version="1.0" encoding="UTF-8"?>
<!-- Generated by org.testng.reporters.JUnitReportReporter -->
<testsuite hostname="DESKTOP-I738NQ5" failures="0" tests="1" name="com.applaud.automation.utility.Randam" time="0.021" errors="0" timestamp="18 Nov 2017 15:36:06 GMT">
  <testcase classname="com.applaud.automation.utility.Randam" name="randam" time="0.021"/>
</testsuite> <!-- com.applaud.automation.utility.Randam -->
