<?xml version="1.0" encoding="UTF-8"?>
<!-- Generated by org.testng.reporters.JUnitReportReporter -->
<testsuite hostname="DESKTOP-I738NQ5" failures="0" tests="1" name="com.applaudGS.automation.modules.launchbrowser" time="22.920" errors="0" timestamp="26 Nov 2017 13:54:03 GMT">
  <testcase classname="com.applaudGS.automation.modules.launchbrowser" name="sampleyuva" time="22.920"/>
</testsuite> <!-- com.applaudGS.automation.modules.launchbrowser -->
