<?xml version="1.0" encoding="UTF-8"?>
<!-- Generated by org.testng.reporters.JUnitReportReporter -->
<testsuite hostname="Yuvaraju" name="com.Applaud.rquest.modules.DataManager1" tests="1" failures="0" timestamp="22 Mar 2017 10:04:24 GMT" time="50.710" errors="0">
  <testcase name="tableCreationThroughExcelCopyPaste" time="50.710" classname="com.Applaud.rquest.modules.DataManager1"/>
</testsuite> <!-- com.Applaud.rquest.modules.DataManager1 -->
