<?xml version="1.0" encoding="UTF-8"?>
<!-- Generated by org.testng.reporters.JUnitReportReporter -->
<testsuite hostname="DESKTOP-6C0L59N" failures="0" tests="2" name="com.applaudGS.automation.modules.general.FlowOfAna" time="0.034" errors="0" timestamp="10 Dec 2022 16:02:03 GMT">
  <testcase classname="com.applaudGS.automation.modules.general.FlowOfAna" name="testCase2" time="0.014"/>
  <testcase classname="com.applaudGS.automation.modules.general.FlowOfAna" name="testCase1" time="0.020"/>
</testsuite> <!-- com.applaudGS.automation.modules.general.FlowOfAna -->
