<?xml version="1.0" encoding="UTF-8"?>
<!-- Generated by org.testng.reporters.JUnitReportReporter -->
<testsuite hostname="DESKTOP-I738NQ5" failures="0" tests="4" name="com.applaudGS.automation.modules.general.MethodsFlow" time="0.022" errors="0" timestamp="9 Jan 2018 03:17:45 GMT">
  <testcase classname="com.applaudGS.automation.modules.general.MethodsFlow" name="a" time="0.014"/>
  <testcase classname="com.applaudGS.automation.modules.general.MethodsFlow" name="b" time="0.004"/>
  <testcase classname="com.applaudGS.automation.modules.general.MethodsFlow" name="c" time="0.002"/>
  <testcase classname="com.applaudGS.automation.modules.general.MethodsFlow" name="d" time="0.002"/>
</testsuite> <!-- com.applaudGS.automation.modules.general.MethodsFlow -->
