<?xml version="1.0" encoding="UTF-8"?>
<!-- Generated by org.testng.reporters.JUnitReportReporter -->
<testsuite hostname="Yuvaraju" name="com.Applaud.rquest.utility.GlobalFunctions" tests="1" failures="0" timestamp="23 Mar 2017 10:00:56 GMT" time="0.122" errors="0">
  <testcase name="DriverScript" time="0.122" classname="com.Applaud.rquest.utility.GlobalFunctions"/>
</testsuite> <!-- com.Applaud.rquest.utility.GlobalFunctions -->
