<?xml version="1.0" encoding="UTF-8"?>
<!-- Generated by org.testng.reporters.JUnitReportReporter -->
<testsuite hostname="DESKTOP-I738NQ5" failures="0" tests="1" name="com.applaud.automation.modules.launchbrowser" time="24.785" errors="0" timestamp="19 Nov 2017 09:36:08 GMT">
  <testcase classname="com.applaud.automation.modules.launchbrowser" name="sampleyuva" time="24.785"/>
</testsuite> <!-- com.applaud.automation.modules.launchbrowser -->
