<?xml version="1.0" encoding="UTF-8"?>
<!-- Generated by org.testng.reporters.JUnitReportReporter -->
<testsuite hostname="DESKTOP-I738NQ5" failures="0" tests="4" name="com.applaud.automation.datamanager.TestGroups" time="0.016" errors="0" timestamp="21 Nov 2017 03:18:33 GMT">
  <testcase classname="com.applaud.automation.datamanager.TestGroups" name="testCaseFour" time="0.010"/>
  <testcase classname="com.applaud.automation.datamanager.TestGroups" name="testCaseOne" time="0.002"/>
  <testcase classname="com.applaud.automation.datamanager.TestGroups" name="testCaseThree" time="0.001"/>
  <testcase classname="com.applaud.automation.datamanager.TestGroups" name="testCaseTwo" time="0.003"/>
</testsuite> <!-- com.applaud.automation.datamanager.TestGroups -->
