<?xml version="1.0" encoding="UTF-8"?>
<!-- Generated by org.testng.reporters.JUnitReportReporter -->
<testsuite hostname="DESKTOP-I738NQ5" failures="0" tests="3" name="com.Applaud.rquest.modules.datamanager.TestGroups" time="0.016" errors="0" timestamp="19 Nov 2017 13:44:46 GMT">
  <testcase classname="com.Applaud.rquest.modules.datamanager.TestGroups" name="testCaseFour" time="0.011"/>
  <testcase classname="com.Applaud.rquest.modules.datamanager.TestGroups" name="testCaseTwo" time="0.003"/>
  <testcase classname="com.Applaud.rquest.modules.datamanager.TestGroups" name="testCaseOne" time="0.002"/>
</testsuite> <!-- com.Applaud.rquest.modules.datamanager.TestGroups -->
