<?xml version="1.0" encoding="UTF-8"?>
<!-- Generated by org.testng.reporters.JUnitReportReporter -->
<testsuite hostname="DESKTOP-I738NQ5" failures="0" tests="1" name="com.applaudGS.automation.modules.general.HardAssertion" time="0.015" errors="0" timestamp="9 Jan 2018 02:57:16 GMT">
  <testcase classname="com.applaudGS.automation.modules.general.HardAssertion" name="test_UsingHardAssertion" time="0.015"/>
</testsuite> <!-- com.applaudGS.automation.modules.general.HardAssertion -->
