<?xml version="1.0" encoding="UTF-8"?>
<!-- Generated by org.testng.reporters.JUnitReportReporter -->
<testsuite hostname="DESKTOP-6C0L59N" failures="0" tests="2" name="com.applaudGS.automation.modules.general.FlowOfAna" time="0.006" errors="0" timestamp="11 Dec 2022 17:56:00 GMT">
  <testcase classname="com.applaudGS.automation.modules.general.FlowOfAna" name="testCase2" time="0.003"/>
  <testcase classname="com.applaudGS.automation.modules.general.FlowOfAna" name="testCase1" time="0.003"/>
</testsuite> <!-- com.applaudGS.automation.modules.general.FlowOfAna -->
