<?xml version="1.0" encoding="UTF-8"?>
<!-- Generated by org.testng.reporters.JUnitReportReporter -->
<testsuite hostname="Yuvaraju" name="com.Applaud.rquest.modules.Parameter" tests="1" failures="0" timestamp="11 Apr 2017 13:15:39 GMT" time="10.236" errors="0">
  <testcase name="sample" time="10.236" classname="com.Applaud.rquest.modules.Parameter"/>
</testsuite> <!-- com.Applaud.rquest.modules.Parameter -->
